<?xml version="1.0" encoding="UTF-8"?>
<testng-results ignored="0" total="1" passed="1" failed="0" skipped="0">
  <reporter-output>
  </reporter-output>
  <suite started-at="2023-07-05T09:36:16 IST" name="Default suite" finished-at="2023-07-05T09:36:48 IST" duration-ms="32332">
    <groups>
    </groups>
    <test started-at="2023-07-05T09:36:16 IST" name="Default test" finished-at="2023-07-05T09:36:48 IST" duration-ms="32332">
      <class name="vtiger_crm.CreateDuplicateLead_Test">
        <test-method is-config="true" signature="LaunchingBrowser()[pri:0, instance:vtiger_crm.CreateDuplicateLead_Test@20deea7f]" started-at="2023-07-05T09:36:16 IST" name="LaunchingBrowser" finished-at="2023-07-05T09:36:24 IST" duration-ms="8474" status="PASS">
          <reporter-output>
          </reporter-output>
        </test-method> <!-- LaunchingBrowser -->
        <test-method is-config="true" signature="navigateToApp()[pri:0, instance:vtiger_crm.CreateDuplicateLead_Test@20deea7f]" started-at="2023-07-05T09:36:24 IST" name="navigateToApp" finished-at="2023-07-05T09:36:24 IST" duration-ms="2" status="PASS">
          <reporter-output>
          </reporter-output>
        </test-method> <!-- navigateToApp -->
        <test-method signature="newLead()[pri:0, instance:vtiger_crm.CreateDuplicateLead_Test@20deea7f]" started-at="2023-07-05T09:36:24 IST" name="newLead" finished-at="2023-07-05T09:36:43 IST" duration-ms="18285" status="PASS">
          <reporter-output>
          </reporter-output>
        </test-method> <!-- newLead -->
        <test-method is-config="true" signature="checkTheTestResult(org.testng.ITestResult)[pri:0, instance:vtiger_crm.CreateDuplicateLead_Test@20deea7f]" started-at="2023-07-05T09:36:43 IST" name="checkTheTestResult" finished-at="2023-07-05T09:36:43 IST" duration-ms="3" status="PASS">
          <params>
            <param index="0">
              <value>
                <![CDATA[[TestResult name=newLead status=SUCCESS method=CreateDuplicateLead_Test.newLead()[pri:0, instance:vtiger_crm.CreateDuplicateLead_Test@20deea7f] output={null}]]]>
              </value>
            </param>
          </params>
          <reporter-output>
          </reporter-output>
        </test-method> <!-- checkTheTestResult -->
        <test-method is-config="true" signature="teardownThheBrowser()[pri:0, instance:vtiger_crm.CreateDuplicateLead_Test@20deea7f]" started-at="2023-07-05T09:36:43 IST" name="teardownThheBrowser" finished-at="2023-07-05T09:36:48 IST" duration-ms="5156" status="PASS">
          <reporter-output>
          </reporter-output>
        </test-method> <!-- teardownThheBrowser -->
      </class> <!-- vtiger_crm.CreateDuplicateLead_Test -->
    </test> <!-- Default test -->
  </suite> <!-- Default suite -->
</testng-results>
